#
# There is insufficient memory for the Java Runtime Environment to continue.
# Native memory allocation (malloc) failed to allocate 1972096 bytes. Error detail: Chunk::new
# Possible reasons:
#   The system is out of physical RAM or swap space
#   This process is running with CompressedOops enabled, and the Java Heap may be blocking the growth of the native heap
# Possible solutions:
#   Reduce memory load on the system
#   Increase physical memory or swap space
#   Check if swap backing store is full
#   Decrease Java heap size (-Xmx/-Xms)
#   Decrease number of Java threads
#   Decrease Java thread stack sizes (-Xss)
#   Set larger code cache with -XX:ReservedCodeCacheSize=
#   JVM is running with Unscaled Compressed Oops mode in which the Java heap is
#     placed in the first 4GB address space. The Java Heap base address is the
#     maximum limit for the native heap growth. Please use -XX:HeapBaseMinAddress
#     to set the Java Heap base and to place the Java Heap above 4GB virtual address.
# This output file may be truncated or incomplete.
#
#  Out of Memory Error (arena.cpp:168), pid=25568, tid=38952
#
# JRE version: OpenJDK Runtime Environment (21.0.4) (build 21.0.4+-12508038-b607.1)
# Java VM: OpenJDK 64-Bit Server VM (21.0.4+-12508038-b607.1, mixed mode, tiered, compressed oops, compressed class ptrs, g1 gc, windows-amd64)
# No core dump will be written. Minidumps are not enabled by default on client versions of Windows
#

---------------  S U M M A R Y ------------

Command Line: --add-opens=java.base/java.util=ALL-UNNAMED --add-opens=java.base/java.lang=ALL-UNNAMED --add-opens=java.base/java.lang.invoke=ALL-UNNAMED --add-opens=java.prefs/java.util.prefs=ALL-UNNAMED --add-exports=jdk.compiler/com.sun.tools.javac.api=ALL-UNNAMED --add-exports=jdk.compiler/com.sun.tools.javac.util=ALL-UNNAMED --add-opens=java.base/java.nio.charset=ALL-UNNAMED --add-opens=java.base/java.net=ALL-UNNAMED --add-opens=java.base/java.util.concurrent.atomic=ALL-UNNAMED -Xmx2048m -Dfile.encoding=UTF-8 -Duser.country=CO -Duser.language=es -Duser.variant -javaagent:C:\Users\andre\.gradle\wrapper\dists\gradle-8.10.2-bin\a04bxjujx95o3nb99gddekhwo\gradle-8.10.2\lib\agents\gradle-instrumentation-agent-8.10.2.jar org.gradle.launcher.daemon.bootstrap.GradleDaemon 8.10.2

Host: AMD Ryzen 5 3500U with Radeon Vega Mobile Gfx  , 8 cores, 5G,  Windows 11 , 64 bit Build 22621 (10.0.22621.4974)
Time: Wed May  7 00:53:39 2025 Hora est. Pacífico, Sudamérica elapsed time: 6.738867 seconds (0d 0h 0m 6s)

---------------  T H R E A D  ---------------

Current thread (0x000001f95407e590):  JavaThread "C2 CompilerThread0" daemon [_thread_in_native, id=38952, stack(0x0000004611600000,0x0000004611700000) (1024K)]


Current CompileTask:
C2:   6738 4119   !   4       java.lang.ClassLoader::loadClass (121 bytes)

Stack: [0x0000004611600000,0x0000004611700000]
Native frames: (J=compiled Java code, j=interpreted, Vv=VM code, C=native code)
V  [jvm.dll+0x6ce539]
V  [jvm.dll+0x85bf03]
V  [jvm.dll+0x85e45e]
V  [jvm.dll+0x85eb43]
V  [jvm.dll+0x27dd06]
V  [jvm.dll+0xbf9cd]
V  [jvm.dll+0xbff03]
V  [jvm.dll+0x3b4deb]
V  [jvm.dll+0x380f07]
V  [jvm.dll+0x38037a]
V  [jvm.dll+0x2473f2]
V  [jvm.dll+0x2469c1]
V  [jvm.dll+0x1c58a4]
V  [jvm.dll+0x255fec]
V  [jvm.dll+0x254536]
V  [jvm.dll+0x3efab6]
V  [jvm.dll+0x804418]
V  [jvm.dll+0x6cce0d]
C  [ucrtbase.dll+0x29333]
C  [KERNEL32.DLL+0x1259d]
C  [ntdll.dll+0x5af38]


---------------  P R O C E S S  ---------------

Threads class SMR info:
_java_thread_list=0x000001f9567b2760, length=41, elements={
0x000001f93864b540, 0x000001f95405b120, 0x000001f95405c420, 0x000001f954045040,
0x000001f954046a80, 0x000001f954044320, 0x000001f954047110, 0x000001f95407e590,
0x000001f9540846d0, 0x000001f954043c90, 0x000001f9540449b0, 0x000001f954378de0,
0x000001f954045d60, 0x000001f9540463f0, 0x000001f9561df950, 0x000001f9561e3460,
0x000001f9561df2c0, 0x000001f9561dffe0, 0x000001f9561e2dd0, 0x000001f9561e4ea0,
0x000001f9561e0670, 0x000001f9561e2740, 0x000001f9561e1390, 0x000001f9561e4810,
0x000001f9561e5bc0, 0x000001f9561e0d00, 0x000001f9561e3af0, 0x000001f9561e1a20,
0x000001f9561e4180, 0x000001f9561e6250, 0x000001f9561e20b0, 0x000001f957e3ba00,
0x000001f957e392a0, 0x000001f957e3c090, 0x000001f957e38c10, 0x000001f957e39930,
0x000001f957e3ace0, 0x000001f957e39fc0, 0x000001f957e3a650, 0x000001f957e3b370,
0x000001f9555c7d00
}

Java Threads: ( => current thread )
  0x000001f93864b540 JavaThread "main"                              [_thread_blocked, id=33996, stack(0x0000004610800000,0x0000004610900000) (1024K)]
  0x000001f95405b120 JavaThread "Reference Handler"          daemon [_thread_blocked, id=15760, stack(0x0000004611000000,0x0000004611100000) (1024K)]
  0x000001f95405c420 JavaThread "Finalizer"                  daemon [_thread_blocked, id=1848, stack(0x0000004611100000,0x0000004611200000) (1024K)]
  0x000001f954045040 JavaThread "Signal Dispatcher"          daemon [_thread_blocked, id=20924, stack(0x0000004611200000,0x0000004611300000) (1024K)]
  0x000001f954046a80 JavaThread "Attach Listener"            daemon [_thread_blocked, id=5540, stack(0x0000004611300000,0x0000004611400000) (1024K)]
  0x000001f954044320 JavaThread "Service Thread"             daemon [_thread_blocked, id=36280, stack(0x0000004611400000,0x0000004611500000) (1024K)]
  0x000001f954047110 JavaThread "Monitor Deflation Thread"   daemon [_thread_blocked, id=9876, stack(0x0000004611500000,0x0000004611600000) (1024K)]
=>0x000001f95407e590 JavaThread "C2 CompilerThread0"         daemon [_thread_in_native, id=38952, stack(0x0000004611600000,0x0000004611700000) (1024K)]
  0x000001f9540846d0 JavaThread "C1 CompilerThread0"         daemon [_thread_blocked, id=1016, stack(0x0000004611700000,0x0000004611800000) (1024K)]
  0x000001f954043c90 JavaThread "Common-Cleaner"             daemon [_thread_blocked, id=30212, stack(0x0000004611800000,0x0000004611900000) (1024K)]
  0x000001f9540449b0 JavaThread "Notification Thread"        daemon [_thread_blocked, id=38672, stack(0x0000004611900000,0x0000004611a00000) (1024K)]
  0x000001f954378de0 JavaThread "C2 CompilerThread1"         daemon [_thread_in_native, id=33848, stack(0x0000004611a00000,0x0000004611b00000) (1024K)]
  0x000001f954045d60 JavaThread "Daemon health stats"               [_thread_blocked, id=38616, stack(0x0000004612000000,0x0000004612100000) (1024K)]
  0x000001f9540463f0 JavaThread "Incoming local TCP Connector on port 58204"        [_thread_in_native, id=29500, stack(0x0000004612100000,0x0000004612200000) (1024K)]
  0x000001f9561df950 JavaThread "Daemon periodic checks"            [_thread_blocked, id=31484, stack(0x0000004612200000,0x0000004612300000) (1024K)]
  0x000001f9561e3460 JavaThread "Daemon"                            [_thread_blocked, id=22116, stack(0x0000004612300000,0x0000004612400000) (1024K)]
  0x000001f9561df2c0 JavaThread "Handler for socket connection from /127.0.0.1:58204 to /127.0.0.1:58205"        [_thread_in_native, id=32068, stack(0x0000004612400000,0x0000004612500000) (1024K)]
  0x000001f9561dffe0 JavaThread "Cancel handler"                    [_thread_blocked, id=24792, stack(0x0000004612500000,0x0000004612600000) (1024K)]
  0x000001f9561e2dd0 JavaThread "Daemon worker"                     [_thread_in_Java, id=34520, stack(0x0000004612600000,0x0000004612700000) (1024K)]
  0x000001f9561e4ea0 JavaThread "Asynchronous log dispatcher for DefaultDaemonConnection: socket connection from /127.0.0.1:58204 to /127.0.0.1:58205"        [_thread_blocked, id=4596, stack(0x0000004612700000,0x0000004612800000) (1024K)]
  0x000001f9561e0670 JavaThread "Stdin handler"                     [_thread_blocked, id=21272, stack(0x0000004612800000,0x0000004612900000) (1024K)]
  0x000001f9561e2740 JavaThread "Daemon client event forwarder"        [_thread_blocked, id=37364, stack(0x0000004612900000,0x0000004612a00000) (1024K)]
  0x000001f9561e1390 JavaThread "Cache worker for journal cache (C:\Users\andre\.gradle\caches\journal-1)"        [_thread_blocked, id=29060, stack(0x0000004612d00000,0x0000004612e00000) (1024K)]
  0x000001f9561e4810 JavaThread "File lock request listener"        [_thread_in_native, id=39568, stack(0x0000004612e00000,0x0000004612f00000) (1024K)]
  0x000001f9561e5bc0 JavaThread "Cache worker for file hash cache (C:\Users\andre\.gradle\caches\8.10.2\fileHashes)"        [_thread_blocked, id=39820, stack(0x0000004612f00000,0x0000004613000000) (1024K)]
  0x000001f9561e0d00 JavaThread "Cache worker for file hash cache (C:\Users\andre\AndroidStudioProjects\Gujaturas\.gradle\8.10.2\fileHashes)"        [_thread_blocked, id=26684, stack(0x0000004613000000,0x0000004613100000) (1024K)]
  0x000001f9561e3af0 JavaThread "Cache worker for Build Output Cleanup Cache (C:\Users\andre\AndroidStudioProjects\Gujaturas\.gradle\buildOutputCleanup)"        [_thread_blocked, id=29280, stack(0x0000004613100000,0x0000004613200000) (1024K)]
  0x000001f9561e1a20 JavaThread "File watcher server"        daemon [_thread_in_native, id=31908, stack(0x0000004613200000,0x0000004613300000) (1024K)]
  0x000001f9561e4180 JavaThread "File watcher consumer"      daemon [_thread_blocked, id=32340, stack(0x0000004613300000,0x0000004613400000) (1024K)]
  0x000001f9561e6250 JavaThread "jar transforms"                    [_thread_blocked, id=32140, stack(0x0000004613400000,0x0000004613500000) (1024K)]
  0x000001f9561e20b0 JavaThread "jar transforms Thread 2"           [_thread_blocked, id=29948, stack(0x0000004613500000,0x0000004613600000) (1024K)]
  0x000001f957e3ba00 JavaThread "jar transforms Thread 3"           [_thread_blocked, id=30404, stack(0x0000004613600000,0x0000004613700000) (1024K)]
  0x000001f957e392a0 JavaThread "jar transforms Thread 4"           [_thread_blocked, id=30332, stack(0x0000004613700000,0x0000004613800000) (1024K)]
  0x000001f957e3c090 JavaThread "jar transforms Thread 5"           [_thread_blocked, id=38872, stack(0x0000004613800000,0x0000004613900000) (1024K)]
  0x000001f957e38c10 JavaThread "jar transforms Thread 6"           [_thread_blocked, id=12808, stack(0x0000004613900000,0x0000004613a00000) (1024K)]
  0x000001f957e39930 JavaThread "jar transforms Thread 7"           [_thread_blocked, id=4764, stack(0x0000004613a00000,0x0000004613b00000) (1024K)]
  0x000001f957e3ace0 JavaThread "jar transforms Thread 8"           [_thread_blocked, id=9864, stack(0x0000004613b00000,0x0000004613c00000) (1024K)]
  0x000001f957e39fc0 JavaThread "Cache worker for checksums cache (C:\Users\andre\AndroidStudioProjects\Gujaturas\.gradle\8.10.2\checksums)"        [_thread_blocked, id=30736, stack(0x0000004613c00000,0x0000004613d00000) (1024K)]
  0x000001f957e3a650 JavaThread "Cache worker for file content cache (C:\Users\andre\.gradle\caches\8.10.2\fileContent)"        [_thread_blocked, id=22424, stack(0x0000004613d00000,0x0000004613e00000) (1024K)]
  0x000001f957e3b370 JavaThread "Cache worker for cache directory md-rule (C:\Users\andre\.gradle\caches\8.10.2\md-rule)"        [_thread_blocked, id=37844, stack(0x0000004613e00000,0x0000004613f00000) (1024K)]
  0x000001f9555c7d00 JavaThread "Cache worker for cache directory md-supplier (C:\Users\andre\.gradle\caches\8.10.2\md-supplier)"        [_thread_blocked, id=19936, stack(0x0000004613f00000,0x0000004614000000) (1024K)]
Total: 41

Other Threads:
  0x000001f94fd39240 VMThread "VM Thread"                           [id=36196, stack(0x0000004610f00000,0x0000004611000000) (1024K)]
  0x000001f94fca9b90 WatcherThread "VM Periodic Task Thread"        [id=27496, stack(0x0000004610e00000,0x0000004610f00000) (1024K)]
  0x000001f9386a66b0 WorkerThread "GC Thread#0"                     [id=33252, stack(0x0000004610900000,0x0000004610a00000) (1024K)]
  0x000001f954960280 WorkerThread "GC Thread#1"                     [id=38892, stack(0x0000004611b00000,0x0000004611c00000) (1024K)]
  0x000001f954a89d60 WorkerThread "GC Thread#2"                     [id=23464, stack(0x0000004611c00000,0x0000004611d00000) (1024K)]
  0x000001f95534b560 WorkerThread "GC Thread#3"                     [id=33972, stack(0x0000004611d00000,0x0000004611e00000) (1024K)]
  0x000001f954d60870 WorkerThread "GC Thread#4"                     [id=17424, stack(0x0000004611e00000,0x0000004611f00000) (1024K)]
  0x000001f955bceb70 WorkerThread "GC Thread#5"                     [id=34732, stack(0x0000004611f00000,0x0000004612000000) (1024K)]
  0x000001f956155ad0 WorkerThread "GC Thread#6"                     [id=38848, stack(0x0000004612a00000,0x0000004612b00000) (1024K)]
  0x000001f9564917f0 WorkerThread "GC Thread#7"                     [id=14844, stack(0x0000004612b00000,0x0000004612c00000) (1024K)]
  0x000001f9386b7800 ConcurrentGCThread "G1 Main Marker"            [id=20932, stack(0x0000004610a00000,0x0000004610b00000) (1024K)]
  0x000001f9386b8aa0 WorkerThread "G1 Conc#0"                       [id=36268, stack(0x0000004610b00000,0x0000004610c00000) (1024K)]
  0x000001f9564edfa0 WorkerThread "G1 Conc#1"                       [id=17404, stack(0x0000004612c00000,0x0000004612d00000) (1024K)]
  0x000001f94fb7d130 ConcurrentGCThread "G1 Refine#0"               [id=39776, stack(0x0000004610c00000,0x0000004610d00000) (1024K)]
  0x000001f94fb7d8b0 ConcurrentGCThread "G1 Service"                [id=16948, stack(0x0000004610d00000,0x0000004610e00000) (1024K)]
Total: 15

Threads with active compile tasks:
C2 CompilerThread0     6777 4119   !   4       java.lang.ClassLoader::loadClass (121 bytes)
C2 CompilerThread1     6777 4244       4       java.lang.ClassLoader::preDefineClass (118 bytes)
Total: 2

VM state: not at safepoint (normal execution)

VM Mutex/Monitor currently owned by a thread: None

Heap address: 0x0000000080000000, size: 2048 MB, Compressed Oops mode: 32-bit

CDS archive(s) not mapped
Compressed class space mapped at: 0x0000000100000000-0x0000000140000000, reserved size: 1073741824
Narrow klass base: 0x0000000000000000, Narrow klass shift: 3, Narrow klass range: 0x140000000

GC Precious Log:
 CardTable entry size: 512
 Card Set container configuration: InlinePtr #cards 5 size 8 Array Of Cards #cards 12 size 40 Howl #buckets 4 coarsen threshold 1843 Howl Bitmap #cards 512 size 80 coarsen threshold 460 Card regions per heap region 1 cards per card region 2048
 CPUs: 8 total, 8 available
 Memory: 6091M
 Large Page Support: Disabled
 NUMA Support: Disabled
 Compressed Oops: Enabled (32-bit)
 Heap Region Size: 1M
 Heap Min Capacity: 8M
 Heap Initial Capacity: 96M
 Heap Max Capacity: 2G
 Pre-touch: Disabled
 Parallel Workers: 8
 Concurrent Workers: 2
 Concurrent Refinement Workers: 8
 Periodic GC: Disabled

Heap:
 garbage-first heap   total 110592K, used 54213K [0x0000000080000000, 0x0000000100000000)
  region size 1024K, 15 young (15360K), 6 survivors (6144K)
 Metaspace       used 48521K, committed 49856K, reserved 1114112K
  class space    used 6575K, committed 7232K, reserved 1048576K

Heap Regions: E=young(eden), S=young(survivor), O=old, HS=humongous(starts), HC=humongous(continues), CS=collection set, F=free, TAMS=top-at-mark-start, PB=parsable bottom
|   0|0x0000000080000000, 0x0000000080100000, 0x0000000080100000|100%| O|  |TAMS 0x0000000080000000| PB 0x0000000080000000| Untracked 
|   1|0x0000000080100000, 0x0000000080100000, 0x0000000080200000|  0%| F|  |TAMS 0x0000000080100000| PB 0x0000000080100000| Untracked 
|   2|0x0000000080200000, 0x0000000080300000, 0x0000000080300000|100%|HS|  |TAMS 0x0000000080200000| PB 0x0000000080200000| Complete 
|   3|0x0000000080300000, 0x0000000080400000, 0x0000000080400000|100%|HC|  |TAMS 0x0000000080300000| PB 0x0000000080300000| Complete 
|   4|0x0000000080400000, 0x0000000080500000, 0x0000000080500000|100%|HC|  |TAMS 0x0000000080400000| PB 0x0000000080400000| Complete 
|   5|0x0000000080500000, 0x0000000080600000, 0x0000000080600000|100%|HC|  |TAMS 0x0000000080500000| PB 0x0000000080500000| Complete 
|   6|0x0000000080600000, 0x0000000080700000, 0x0000000080700000|100%| O|  |TAMS 0x0000000080600000| PB 0x0000000080600000| Untracked 
|   7|0x0000000080700000, 0x0000000080800000, 0x0000000080800000|100%| O|  |TAMS 0x0000000080700000| PB 0x0000000080700000| Untracked 
|   8|0x0000000080800000, 0x0000000080900000, 0x0000000080900000|100%| O|  |TAMS 0x0000000080800000| PB 0x0000000080800000| Untracked 
|   9|0x0000000080900000, 0x0000000080a00000, 0x0000000080a00000|100%|HS|  |TAMS 0x0000000080900000| PB 0x0000000080900000| Complete 
|  10|0x0000000080a00000, 0x0000000080b00000, 0x0000000080b00000|100%| O|  |TAMS 0x0000000080a00000| PB 0x0000000080a00000| Untracked 
|  11|0x0000000080b00000, 0x0000000080c00000, 0x0000000080c00000|100%| O|  |TAMS 0x0000000080b00000| PB 0x0000000080b00000| Untracked 
|  12|0x0000000080c00000, 0x0000000080d00000, 0x0000000080d00000|100%| O|  |TAMS 0x0000000080c00000| PB 0x0000000080c00000| Untracked 
|  13|0x0000000080d00000, 0x0000000080e00000, 0x0000000080e00000|100%| O|  |TAMS 0x0000000080d00000| PB 0x0000000080d00000| Untracked 
|  14|0x0000000080e00000, 0x0000000080f00000, 0x0000000080f00000|100%| O|  |TAMS 0x0000000080e00000| PB 0x0000000080e00000| Untracked 
|  15|0x0000000080f00000, 0x0000000081000000, 0x0000000081000000|100%| O|  |TAMS 0x0000000080f00000| PB 0x0000000080f00000| Untracked 
|  16|0x0000000081000000, 0x0000000081100000, 0x0000000081100000|100%| O|  |TAMS 0x0000000081000000| PB 0x0000000081000000| Untracked 
|  17|0x0000000081100000, 0x0000000081200000, 0x0000000081200000|100%|HS|  |TAMS 0x0000000081100000| PB 0x0000000081100000| Complete 
|  18|0x0000000081200000, 0x0000000081300000, 0x0000000081300000|100%|HC|  |TAMS 0x0000000081200000| PB 0x0000000081200000| Complete 
|  19|0x0000000081300000, 0x0000000081400000, 0x0000000081400000|100%|HC|  |TAMS 0x0000000081300000| PB 0x0000000081300000| Complete 
|  20|0x0000000081400000, 0x0000000081500000, 0x0000000081500000|100%|HC|  |TAMS 0x0000000081400000| PB 0x0000000081400000| Complete 
|  21|0x0000000081500000, 0x0000000081600000, 0x0000000081600000|100%|HC|  |TAMS 0x0000000081500000| PB 0x0000000081500000| Complete 
|  22|0x0000000081600000, 0x0000000081700000, 0x0000000081700000|100%|HC|  |TAMS 0x0000000081600000| PB 0x0000000081600000| Complete 
|  23|0x0000000081700000, 0x0000000081800000, 0x0000000081800000|100%|HS|  |TAMS 0x0000000081700000| PB 0x0000000081700000| Complete 
|  24|0x0000000081800000, 0x0000000081900000, 0x0000000081900000|100%|HC|  |TAMS 0x0000000081800000| PB 0x0000000081800000| Complete 
|  25|0x0000000081900000, 0x0000000081a00000, 0x0000000081a00000|100%|HC|  |TAMS 0x0000000081900000| PB 0x0000000081900000| Complete 
|  26|0x0000000081a00000, 0x0000000081b00000, 0x0000000081b00000|100%|HS|  |TAMS 0x0000000081a00000| PB 0x0000000081a00000| Complete 
|  27|0x0000000081b00000, 0x0000000081c00000, 0x0000000081c00000|100%|HC|  |TAMS 0x0000000081b00000| PB 0x0000000081b00000| Complete 
|  28|0x0000000081c00000, 0x0000000081d00000, 0x0000000081d00000|100%| O|  |TAMS 0x0000000081c00000| PB 0x0000000081c00000| Untracked 
|  29|0x0000000081d00000, 0x0000000081e00000, 0x0000000081e00000|100%|HS|  |TAMS 0x0000000081d00000| PB 0x0000000081d00000| Complete 
|  30|0x0000000081e00000, 0x0000000081e00000, 0x0000000081f00000|  0%| F|  |TAMS 0x0000000081e00000| PB 0x0000000081e00000| Untracked 
|  31|0x0000000081f00000, 0x0000000081f00000, 0x0000000082000000|  0%| F|  |TAMS 0x0000000081f00000| PB 0x0000000081f00000| Untracked 
|  32|0x0000000082000000, 0x0000000082100000, 0x0000000082100000|100%| O|  |TAMS 0x0000000082000000| PB 0x0000000082000000| Untracked 
|  33|0x0000000082100000, 0x0000000082200000, 0x0000000082200000|100%| O|  |TAMS 0x0000000082100000| PB 0x0000000082100000| Untracked 
|  34|0x0000000082200000, 0x0000000082300000, 0x0000000082300000|100%| O|  |TAMS 0x0000000082200000| PB 0x0000000082200000| Untracked 
|  35|0x0000000082300000, 0x00000000823f1670, 0x0000000082400000| 94%| O|  |TAMS 0x0000000082300000| PB 0x0000000082300000| Untracked 
|  36|0x0000000082400000, 0x0000000082400000, 0x0000000082500000|  0%| F|  |TAMS 0x0000000082400000| PB 0x0000000082400000| Untracked 
|  37|0x0000000082500000, 0x0000000082500000, 0x0000000082600000|  0%| F|  |TAMS 0x0000000082500000| PB 0x0000000082500000| Untracked 
|  38|0x0000000082600000, 0x0000000082600000, 0x0000000082700000|  0%| F|  |TAMS 0x0000000082600000| PB 0x0000000082600000| Untracked 
|  39|0x0000000082700000, 0x0000000082700000, 0x0000000082800000|  0%| F|  |TAMS 0x0000000082700000| PB 0x0000000082700000| Untracked 
|  40|0x0000000082800000, 0x0000000082800000, 0x0000000082900000|  0%| F|  |TAMS 0x0000000082800000| PB 0x0000000082800000| Untracked 
|  41|0x0000000082900000, 0x0000000082900000, 0x0000000082a00000|  0%| F|  |TAMS 0x0000000082900000| PB 0x0000000082900000| Untracked 
|  42|0x0000000082a00000, 0x0000000082a00000, 0x0000000082b00000|  0%| F|  |TAMS 0x0000000082a00000| PB 0x0000000082a00000| Untracked 
|  43|0x0000000082b00000, 0x0000000082b00000, 0x0000000082c00000|  0%| F|  |TAMS 0x0000000082b00000| PB 0x0000000082b00000| Untracked 
|  44|0x0000000082c00000, 0x0000000082c00000, 0x0000000082d00000|  0%| F|  |TAMS 0x0000000082c00000| PB 0x0000000082c00000| Untracked 
|  45|0x0000000082d00000, 0x0000000082d00000, 0x0000000082e00000|  0%| F|  |TAMS 0x0000000082d00000| PB 0x0000000082d00000| Untracked 
|  46|0x0000000082e00000, 0x0000000082e00000, 0x0000000082f00000|  0%| F|  |TAMS 0x0000000082e00000| PB 0x0000000082e00000| Untracked 
|  47|0x0000000082f00000, 0x0000000082f00000, 0x0000000083000000|  0%| F|  |TAMS 0x0000000082f00000| PB 0x0000000082f00000| Untracked 
|  48|0x0000000083000000, 0x0000000083000000, 0x0000000083100000|  0%| F|  |TAMS 0x0000000083000000| PB 0x0000000083000000| Untracked 
|  49|0x0000000083100000, 0x0000000083100000, 0x0000000083200000|  0%| F|  |TAMS 0x0000000083100000| PB 0x0000000083100000| Untracked 
|  50|0x0000000083200000, 0x0000000083200000, 0x0000000083300000|  0%| F|  |TAMS 0x0000000083200000| PB 0x0000000083200000| Untracked 
|  51|0x0000000083300000, 0x0000000083300000, 0x0000000083400000|  0%| F|  |TAMS 0x0000000083300000| PB 0x0000000083300000| Untracked 
|  52|0x0000000083400000, 0x0000000083500000, 0x0000000083500000|100%| S|CS|TAMS 0x0000000083400000| PB 0x0000000083400000| Complete 
|  53|0x0000000083500000, 0x0000000083600000, 0x0000000083600000|100%| S|CS|TAMS 0x0000000083500000| PB 0x0000000083500000| Complete 
|  54|0x0000000083600000, 0x0000000083700000, 0x0000000083700000|100%| S|CS|TAMS 0x0000000083600000| PB 0x0000000083600000| Complete 
|  55|0x0000000083700000, 0x0000000083800000, 0x0000000083800000|100%| S|CS|TAMS 0x0000000083700000| PB 0x0000000083700000| Complete 
|  56|0x0000000083800000, 0x0000000083900000, 0x0000000083900000|100%| S|CS|TAMS 0x0000000083800000| PB 0x0000000083800000| Complete 
|  57|0x0000000083900000, 0x0000000083a00000, 0x0000000083a00000|100%| S|CS|TAMS 0x0000000083900000| PB 0x0000000083900000| Complete 
|  58|0x0000000083a00000, 0x0000000083a00000, 0x0000000083b00000|  0%| F|  |TAMS 0x0000000083a00000| PB 0x0000000083a00000| Untracked 
|  59|0x0000000083b00000, 0x0000000083b00000, 0x0000000083c00000|  0%| F|  |TAMS 0x0000000083b00000| PB 0x0000000083b00000| Untracked 
|  60|0x0000000083c00000, 0x0000000083c00000, 0x0000000083d00000|  0%| F|  |TAMS 0x0000000083c00000| PB 0x0000000083c00000| Untracked 
|  61|0x0000000083d00000, 0x0000000083d00000, 0x0000000083e00000|  0%| F|  |TAMS 0x0000000083d00000| PB 0x0000000083d00000| Untracked 
|  62|0x0000000083e00000, 0x0000000083e00000, 0x0000000083f00000|  0%| F|  |TAMS 0x0000000083e00000| PB 0x0000000083e00000| Untracked 
|  63|0x0000000083f00000, 0x0000000083f00000, 0x0000000084000000|  0%| F|  |TAMS 0x0000000083f00000| PB 0x0000000083f00000| Untracked 
|  64|0x0000000084000000, 0x0000000084000000, 0x0000000084100000|  0%| F|  |TAMS 0x0000000084000000| PB 0x0000000084000000| Untracked 
|  65|0x0000000084100000, 0x0000000084100000, 0x0000000084200000|  0%| F|  |TAMS 0x0000000084100000| PB 0x0000000084100000| Untracked 
|  66|0x0000000084200000, 0x0000000084200000, 0x0000000084300000|  0%| F|  |TAMS 0x0000000084200000| PB 0x0000000084200000| Untracked 
|  67|0x0000000084300000, 0x0000000084300000, 0x0000000084400000|  0%| F|  |TAMS 0x0000000084300000| PB 0x0000000084300000| Untracked 
|  68|0x0000000084400000, 0x0000000084400000, 0x0000000084500000|  0%| F|  |TAMS 0x0000000084400000| PB 0x0000000084400000| Untracked 
|  69|0x0000000084500000, 0x0000000084500000, 0x0000000084600000|  0%| F|  |TAMS 0x0000000084500000| PB 0x0000000084500000| Untracked 
|  70|0x0000000084600000, 0x0000000084600000, 0x0000000084700000|  0%| F|  |TAMS 0x0000000084600000| PB 0x0000000084600000| Untracked 
|  71|0x0000000084700000, 0x0000000084700000, 0x0000000084800000|  0%| F|  |TAMS 0x0000000084700000| PB 0x0000000084700000| Untracked 
|  72|0x0000000084800000, 0x0000000084800000, 0x0000000084900000|  0%| F|  |TAMS 0x0000000084800000| PB 0x0000000084800000| Untracked 
|  73|0x0000000084900000, 0x0000000084900000, 0x0000000084a00000|  0%| F|  |TAMS 0x0000000084900000| PB 0x0000000084900000| Untracked 
|  74|0x0000000084a00000, 0x0000000084a00000, 0x0000000084b00000|  0%| F|  |TAMS 0x0000000084a00000| PB 0x0000000084a00000| Untracked 
|  75|0x0000000084b00000, 0x0000000084b00000, 0x0000000084c00000|  0%| F|  |TAMS 0x0000000084b00000| PB 0x0000000084b00000| Untracked 
|  76|0x0000000084c00000, 0x0000000084c00000, 0x0000000084d00000|  0%| F|  |TAMS 0x0000000084c00000| PB 0x0000000084c00000| Untracked 
|  77|0x0000000084d00000, 0x0000000084d00000, 0x0000000084e00000|  0%| F|  |TAMS 0x0000000084d00000| PB 0x0000000084d00000| Untracked 
|  78|0x0000000084e00000, 0x0000000084e00000, 0x0000000084f00000|  0%| F|  |TAMS 0x0000000084e00000| PB 0x0000000084e00000| Untracked 
|  79|0x0000000084f00000, 0x0000000084f00000, 0x0000000085000000|  0%| F|  |TAMS 0x0000000084f00000| PB 0x0000000084f00000| Untracked 
|  80|0x0000000085000000, 0x0000000085000000, 0x0000000085100000|  0%| F|  |TAMS 0x0000000085000000| PB 0x0000000085000000| Untracked 
|  81|0x0000000085100000, 0x0000000085100000, 0x0000000085200000|  0%| F|  |TAMS 0x0000000085100000| PB 0x0000000085100000| Untracked 
|  82|0x0000000085200000, 0x0000000085200000, 0x0000000085300000|  0%| F|  |TAMS 0x0000000085200000| PB 0x0000000085200000| Untracked 
|  83|0x0000000085300000, 0x0000000085300000, 0x0000000085400000|  0%| F|  |TAMS 0x0000000085300000| PB 0x0000000085300000| Untracked 
|  84|0x0000000085400000, 0x0000000085400000, 0x0000000085500000|  0%| F|  |TAMS 0x0000000085400000| PB 0x0000000085400000| Untracked 
|  85|0x0000000085500000, 0x0000000085500000, 0x0000000085600000|  0%| F|  |TAMS 0x0000000085500000| PB 0x0000000085500000| Untracked 
|  86|0x0000000085600000, 0x0000000085600000, 0x0000000085700000|  0%| F|  |TAMS 0x0000000085600000| PB 0x0000000085600000| Untracked 
|  87|0x0000000085700000, 0x0000000085700000, 0x0000000085800000|  0%| F|  |TAMS 0x0000000085700000| PB 0x0000000085700000| Untracked 
|  88|0x0000000085800000, 0x0000000085800000, 0x0000000085900000|  0%| F|  |TAMS 0x0000000085800000| PB 0x0000000085800000| Untracked 
|  89|0x0000000085900000, 0x0000000085900000, 0x0000000085a00000|  0%| F|  |TAMS 0x0000000085900000| PB 0x0000000085900000| Untracked 
|  90|0x0000000085a00000, 0x0000000085a00000, 0x0000000085b00000|  0%| F|  |TAMS 0x0000000085a00000| PB 0x0000000085a00000| Untracked 
|  91|0x0000000085b00000, 0x0000000085b00000, 0x0000000085c00000|  0%| F|  |TAMS 0x0000000085b00000| PB 0x0000000085b00000| Untracked 
|  92|0x0000000085c00000, 0x0000000085cfe310, 0x0000000085d00000| 99%| E|  |TAMS 0x0000000085c00000| PB 0x0000000085c00000| Complete 
|  93|0x0000000085d00000, 0x0000000085e00000, 0x0000000085e00000|100%| E|  |TAMS 0x0000000085d00000| PB 0x0000000085d00000| Complete 
|  94|0x0000000085e00000, 0x0000000085f00000, 0x0000000085f00000|100%| E|CS|TAMS 0x0000000085e00000| PB 0x0000000085e00000| Complete 
|  95|0x0000000085f00000, 0x0000000086000000, 0x0000000086000000|100%| E|CS|TAMS 0x0000000085f00000| PB 0x0000000085f00000| Complete 
|  96|0x0000000086000000, 0x0000000086100000, 0x0000000086100000|100%| E|CS|TAMS 0x0000000086000000| PB 0x0000000086000000| Complete 
|  97|0x0000000086100000, 0x0000000086200000, 0x0000000086200000|100%| E|CS|TAMS 0x0000000086100000| PB 0x0000000086100000| Complete 
|  98|0x0000000086200000, 0x0000000086300000, 0x0000000086300000|100%| E|CS|TAMS 0x0000000086200000| PB 0x0000000086200000| Complete 
|  99|0x0000000086300000, 0x0000000086400000, 0x0000000086400000|100%| E|CS|TAMS 0x0000000086300000| PB 0x0000000086300000| Complete 
| 100|0x0000000086400000, 0x0000000086500000, 0x0000000086500000|100%| E|CS|TAMS 0x0000000086400000| PB 0x0000000086400000| Complete 
|2041|0x00000000ff900000, 0x00000000ffa00000, 0x00000000ffa00000|100%| O|  |TAMS 0x00000000ff900000| PB 0x00000000ff900000| Untracked 
|2042|0x00000000ffa00000, 0x00000000ffb00000, 0x00000000ffb00000|100%| O|  |TAMS 0x00000000ffa00000| PB 0x00000000ffa00000| Untracked 
|2043|0x00000000ffb00000, 0x00000000ffc00000, 0x00000000ffc00000|100%| O|  |TAMS 0x00000000ffb00000| PB 0x00000000ffb00000| Untracked 
|2044|0x00000000ffc00000, 0x00000000ffd00000, 0x00000000ffd00000|100%| O|  |TAMS 0x00000000ffc00000| PB 0x00000000ffc00000| Untracked 
|2045|0x00000000ffd00000, 0x00000000ffe00000, 0x00000000ffe00000|100%| O|  |TAMS 0x00000000ffd00000| PB 0x00000000ffd00000| Untracked 
|2046|0x00000000ffe00000, 0x00000000fff00000, 0x00000000fff00000|100%| O|  |TAMS 0x00000000ffe00000| PB 0x00000000ffe00000| Untracked 
|2047|0x00000000fff00000, 0x0000000100000000, 0x0000000100000000|100%| O|  |TAMS 0x00000000fff00000| PB 0x00000000fff00000| Untracked 

Card table byte_map: [0x000001f94aec0000,0x000001f94b2c0000] _byte_map_base: 0x000001f94aac0000

Marking Bits: (CMBitMap*) 0x000001f9386a6db0
 Bits: [0x000001f94b2c0000, 0x000001f94d2c0000)

Polling page: 0x000001f937e10000

Metaspace:

Usage:
  Non-class:     40.99 MB used.
      Class:      6.43 MB used.
       Both:     47.42 MB used.

Virtual space:
  Non-class space:       64.00 MB reserved,      41.62 MB ( 65%) committed,  1 nodes.
      Class space:        1.00 GB reserved,       7.06 MB ( <1%) committed,  1 nodes.
             Both:        1.06 GB reserved,      48.69 MB (  4%) committed. 

Chunk freelists:
   Non-Class:  5.75 MB
       Class:  8.95 MB
        Both:  14.70 MB

MaxMetaspaceSize: unlimited
CompressedClassSpaceSize: 1.00 GB
Initial GC threshold: 21.00 MB
Current GC threshold: 58.69 MB
CDS: off
 - commit_granule_bytes: 65536.
 - commit_granule_words: 8192.
 - virtual_space_node_default_size: 8388608.
 - enlarge_chunks_in_place: 1.
 - use_allocation_guard: 0.


Internal statistics:

num_allocs_failed_limit: 6.
num_arena_births: 2288.
num_arena_deaths: 0.
num_vsnodes_births: 2.
num_vsnodes_deaths: 0.
num_space_committed: 779.
num_space_uncommitted: 0.
num_chunks_returned_to_freelist: 6.
num_chunks_taken_from_freelist: 4126.
num_chunk_merges: 6.
num_chunk_splits: 2623.
num_chunks_enlarged: 1579.
num_inconsistent_stats: 0.

CodeHeap 'non-profiled nmethods': size=120000Kb used=2332Kb max_used=2332Kb free=117667Kb
 bounds [0x000001f943260000, 0x000001f9434d0000, 0x000001f94a790000]
CodeHeap 'profiled nmethods': size=120000Kb used=7477Kb max_used=7477Kb free=112522Kb
 bounds [0x000001f93b790000, 0x000001f93bee0000, 0x000001f942cc0000]
CodeHeap 'non-nmethods': size=5760Kb used=1896Kb max_used=1896Kb free=3863Kb
 bounds [0x000001f942cc0000, 0x000001f942f30000, 0x000001f943260000]
 total_blobs=4528 nmethods=3841 adapters=590
 compilation: enabled
              stopped_count=0, restarted_count=0
 full_count=0

Compilation events (20 events):
Event: 6.705 Thread 0x000001f9540846d0 4231       3       java.util.StringJoiner::<init> (10 bytes)
Event: 6.705 Thread 0x000001f9540846d0 nmethod 4231 0x000001f93bed7e10 code [0x000001f93bed7fc0, 0x000001f93bed8108]
Event: 6.705 Thread 0x000001f9540846d0 4232       1       java.lang.reflect.Modifier::methodModifiers (4 bytes)
Event: 6.705 Thread 0x000001f9540846d0 nmethod 4232 0x000001f9434a6790 code [0x000001f9434a6920, 0x000001f9434a69c8]
Event: 6.705 Thread 0x000001f9540846d0 4233       1       java.beans.FeatureDescriptor::setName (6 bytes)
Event: 6.705 Thread 0x000001f9540846d0 nmethod 4233 0x000001f9434a6a90 code [0x000001f9434a6c20, 0x000001f9434a6d30]
Event: 6.706 Thread 0x000001f9540846d0 4234       3       java.beans.FeatureDescriptor::getClass0 (22 bytes)
Event: 6.706 Thread 0x000001f9540846d0 nmethod 4234 0x000001f93bed8190 code [0x000001f93bed8340, 0x000001f93bed8668]
Event: 6.709 Thread 0x000001f9540846d0 4235       3       org.codehaus.groovy.reflection.ReflectionUtils::checkCanSetAccessible (11 bytes)
Event: 6.709 Thread 0x000001f9540846d0 nmethod 4235 0x000001f93bed8790 code [0x000001f93bed8940, 0x000001f93bed8a78]
Event: 6.711 Thread 0x000001f9540846d0 4236       3       org.codehaus.groovy.reflection.CachedMethod::getReturnType (8 bytes)
Event: 6.711 Thread 0x000001f9540846d0 nmethod 4236 0x000001f93bed8b10 code [0x000001f93bed8ca0, 0x000001f93bed8dd0]
Event: 6.711 Thread 0x000001f9540846d0 4237       3       java.beans.MethodRef::get (91 bytes)
Event: 6.712 Thread 0x000001f9540846d0 nmethod 4237 0x000001f93bed8e90 code [0x000001f93bed90e0, 0x000001f93bed9c38]
Event: 6.712 Thread 0x000001f9540846d0 4238       1       groovy.lang.MetaProperty::getName (5 bytes)
Event: 6.712 Thread 0x000001f9540846d0 nmethod 4238 0x000001f9434a6d90 code [0x000001f9434a6f20, 0x000001f9434a6fe8]
Event: 6.712 Thread 0x000001f9540846d0 4239       3       org.codehaus.groovy.util.ComplexKeyHashMap::hash (31 bytes)
Event: 6.712 Thread 0x000001f9540846d0 nmethod 4239 0x000001f93bed9f10 code [0x000001f93beda0a0, 0x000001f93beda1b0]
Event: 6.712 Thread 0x000001f9540846d0 4240       3       org.codehaus.groovy.util.SingleKeyHashMap::getOrPut (137 bytes)
Event: 6.713 Thread 0x000001f9540846d0 nmethod 4240 0x000001f93beda290 code [0x000001f93beda4c0, 0x000001f93bedb010]

GC Heap History (18 events):
Event: 0.675 GC heap before
{Heap before GC invocations=0 (full 0):
 garbage-first heap   total 98304K, used 22528K [0x0000000080000000, 0x0000000100000000)
  region size 1024K, 23 young (23552K), 0 survivors (0K)
 Metaspace       used 7998K, committed 8128K, reserved 1114112K
  class space    used 712K, committed 768K, reserved 1048576K
}
Event: 0.683 GC heap after
{Heap after GC invocations=1 (full 0):
 garbage-first heap   total 98304K, used 5078K [0x0000000080000000, 0x0000000100000000)
  region size 1024K, 3 young (3072K), 3 survivors (3072K)
 Metaspace       used 7998K, committed 8128K, reserved 1114112K
  class space    used 712K, committed 768K, reserved 1048576K
}
Event: 1.455 GC heap before
{Heap before GC invocations=1 (full 0):
 garbage-first heap   total 98304K, used 41942K [0x0000000080000000, 0x0000000100000000)
  region size 1024K, 35 young (35840K), 3 survivors (3072K)
 Metaspace       used 12099K, committed 12288K, reserved 1114112K
  class space    used 1276K, committed 1408K, reserved 1048576K
}
Event: 1.464 GC heap after
{Heap after GC invocations=2 (full 0):
 garbage-first heap   total 98304K, used 11914K [0x0000000080000000, 0x0000000100000000)
  region size 1024K, 3 young (3072K), 3 survivors (3072K)
 Metaspace       used 12099K, committed 12288K, reserved 1114112K
  class space    used 1276K, committed 1408K, reserved 1048576K
}
Event: 2.139 GC heap before
{Heap before GC invocations=2 (full 0):
 garbage-first heap   total 98304K, used 54922K [0x0000000080000000, 0x0000000100000000)
  region size 1024K, 44 young (45056K), 3 survivors (3072K)
 Metaspace       used 12865K, committed 13120K, reserved 1114112K
  class space    used 1404K, committed 1536K, reserved 1048576K
}
Event: 2.148 GC heap after
{Heap after GC invocations=3 (full 0):
 garbage-first heap   total 98304K, used 17408K [0x0000000080000000, 0x0000000100000000)
  region size 1024K, 6 young (6144K), 6 survivors (6144K)
 Metaspace       used 12865K, committed 13120K, reserved 1114112K
  class space    used 1404K, committed 1536K, reserved 1048576K
}
Event: 2.901 GC heap before
{Heap before GC invocations=3 (full 0):
 garbage-first heap   total 98304K, used 41984K [0x0000000080000000, 0x0000000100000000)
  region size 1024K, 31 young (31744K), 6 survivors (6144K)
 Metaspace       used 21189K, committed 21504K, reserved 1114112K
  class space    used 2427K, committed 2624K, reserved 1048576K
}
Event: 2.907 GC heap after
{Heap after GC invocations=4 (full 0):
 garbage-first heap   total 98304K, used 21487K [0x0000000080000000, 0x0000000100000000)
  region size 1024K, 8 young (8192K), 8 survivors (8192K)
 Metaspace       used 21189K, committed 21504K, reserved 1114112K
  class space    used 2427K, committed 2624K, reserved 1048576K
}
Event: 4.009 GC heap before
{Heap before GC invocations=5 (full 0):
 garbage-first heap   total 75776K, used 70639K [0x0000000080000000, 0x0000000100000000)
  region size 1024K, 57 young (58368K), 8 survivors (8192K)
 Metaspace       used 29531K, committed 30144K, reserved 1114112K
  class space    used 3755K, committed 4032K, reserved 1048576K
}
Event: 4.016 GC heap after
{Heap after GC invocations=6 (full 0):
 garbage-first heap   total 83968K, used 24725K [0x0000000080000000, 0x0000000100000000)
  region size 1024K, 7 young (7168K), 7 survivors (7168K)
 Metaspace       used 29531K, committed 30144K, reserved 1114112K
  class space    used 3755K, committed 4032K, reserved 1048576K
}
Event: 4.966 GC heap before
{Heap before GC invocations=6 (full 0):
 garbage-first heap   total 83968K, used 77973K [0x0000000080000000, 0x0000000100000000)
  region size 1024K, 49 young (50176K), 7 survivors (7168K)
 Metaspace       used 35004K, committed 35904K, reserved 1114112K
  class space    used 4687K, committed 5120K, reserved 1048576K
}
Event: 4.974 GC heap after
{Heap after GC invocations=7 (full 0):
 garbage-first heap   total 92160K, used 40117K [0x0000000080000000, 0x0000000100000000)
  region size 1024K, 7 young (7168K), 7 survivors (7168K)
 Metaspace       used 35004K, committed 35904K, reserved 1114112K
  class space    used 4687K, committed 5120K, reserved 1048576K
}
Event: 4.996 GC heap before
{Heap before GC invocations=7 (full 0):
 garbage-first heap   total 92160K, used 41141K [0x0000000080000000, 0x0000000100000000)
  region size 1024K, 9 young (9216K), 7 survivors (7168K)
 Metaspace       used 35079K, committed 35968K, reserved 1114112K
  class space    used 4700K, committed 5120K, reserved 1048576K
}
Event: 5.000 GC heap after
{Heap after GC invocations=8 (full 0):
 garbage-first heap   total 92160K, used 41579K [0x0000000080000000, 0x0000000100000000)
  region size 1024K, 2 young (2048K), 2 survivors (2048K)
 Metaspace       used 35079K, committed 35968K, reserved 1114112K
  class space    used 4700K, committed 5120K, reserved 1048576K
}
Event: 5.629 GC heap before
{Heap before GC invocations=9 (full 0):
 garbage-first heap   total 92160K, used 73323K [0x0000000080000000, 0x0000000100000000)
  region size 1024K, 33 young (33792K), 2 survivors (2048K)
 Metaspace       used 38911K, committed 39936K, reserved 1114112K
  class space    used 5312K, committed 5824K, reserved 1048576K
}
Event: 5.632 GC heap after
{Heap after GC invocations=10 (full 0):
 garbage-first heap   total 110592K, used 44343K [0x0000000080000000, 0x0000000100000000)
  region size 1024K, 3 young (3072K), 3 survivors (3072K)
 Metaspace       used 38911K, committed 39936K, reserved 1114112K
  class space    used 5312K, committed 5824K, reserved 1048576K
}
Event: 6.594 GC heap before
{Heap before GC invocations=10 (full 0):
 garbage-first heap   total 110592K, used 87351K [0x0000000080000000, 0x0000000100000000)
  region size 1024K, 46 young (47104K), 3 survivors (3072K)
 Metaspace       used 46755K, committed 48000K, reserved 1114112K
  class space    used 6384K, committed 7040K, reserved 1048576K
}
Event: 6.601 GC heap after
{Heap after GC invocations=11 (full 0):
 garbage-first heap   total 110592K, used 47045K [0x0000000080000000, 0x0000000100000000)
  region size 1024K, 6 young (6144K), 6 survivors (6144K)
 Metaspace       used 46755K, committed 48000K, reserved 1114112K
  class space    used 6384K, committed 7040K, reserved 1048576K
}

Dll operation events (3 events):
Event: 0.013 Loaded shared library C:\Program Files\Android\Android Studio\jbr\bin\java.dll
Event: 0.018 Loaded shared library C:\Program Files\Android\Android Studio\jbr\bin\zip.dll
Event: 0.743 Loaded shared library C:\Program Files\Android\Android Studio\jbr\bin\verify.dll

Deoptimization events (20 events):
Event: 6.410 Thread 0x000001f9561e2dd0 Uncommon trap: trap_request=0xffffff45 fr.pc=0x000001f9433c9594 relative=0x0000000000001374
Event: 6.410 Thread 0x000001f9561e2dd0 Uncommon trap: reason=unstable_if action=reinterpret pc=0x000001f9433c9594 method=java.lang.invoke.LambdaForm.useCount(Ljava/lang/invoke/LambdaForm$Name;)I @ 8 c2
Event: 6.410 Thread 0x000001f9561e2dd0 DEOPT PACKING pc=0x000001f9433c9594 sp=0x00000046126f4a90
Event: 6.410 Thread 0x000001f9561e2dd0 DEOPT UNPACKING pc=0x000001f942d146a2 sp=0x00000046126f48f0 mode 2
Event: 6.524 Thread 0x000001f9561e2dd0 Uncommon trap: trap_request=0xffffffde fr.pc=0x000001f94328c848 relative=0x0000000000000208
Event: 6.524 Thread 0x000001f9561e2dd0 Uncommon trap: reason=class_check action=maybe_recompile pc=0x000001f94328c848 method=java.util.regex.Pattern$BmpCharProperty.match(Ljava/util/regex/Matcher;ILjava/lang/CharSequence;)Z @ 19 c2
Event: 6.524 Thread 0x000001f9561e2dd0 DEOPT PACKING pc=0x000001f94328c848 sp=0x00000046126f70a0
Event: 6.524 Thread 0x000001f9561e2dd0 DEOPT UNPACKING pc=0x000001f942d146a2 sp=0x00000046126f7038 mode 2
Event: 6.524 Thread 0x000001f9561e2dd0 Uncommon trap: trap_request=0xffffffde fr.pc=0x000001f94328c848 relative=0x0000000000000208
Event: 6.524 Thread 0x000001f9561e2dd0 Uncommon trap: reason=class_check action=maybe_recompile pc=0x000001f94328c848 method=java.util.regex.Pattern$BmpCharProperty.match(Ljava/util/regex/Matcher;ILjava/lang/CharSequence;)Z @ 19 c2
Event: 6.524 Thread 0x000001f9561e2dd0 DEOPT PACKING pc=0x000001f94328c848 sp=0x00000046126f70a0
Event: 6.524 Thread 0x000001f9561e2dd0 DEOPT UNPACKING pc=0x000001f942d146a2 sp=0x00000046126f7038 mode 2
Event: 6.585 Thread 0x000001f9561e2dd0 Uncommon trap: trap_request=0xffffffc6 fr.pc=0x000001f943299aec relative=0x000000000000120c
Event: 6.585 Thread 0x000001f9561e2dd0 Uncommon trap: reason=bimorphic_or_optimized_type_check action=maybe_recompile pc=0x000001f943299aec method=java.util.Properties$LineReader.readLine()I @ 70 c2
Event: 6.585 Thread 0x000001f9561e2dd0 DEOPT PACKING pc=0x000001f943299aec sp=0x00000046126f73c0
Event: 6.585 Thread 0x000001f9561e2dd0 DEOPT UNPACKING pc=0x000001f942d146a2 sp=0x00000046126f7370 mode 2
Event: 6.611 Thread 0x000001f9561e2dd0 Uncommon trap: trap_request=0xffffff45 fr.pc=0x000001f94342932c relative=0x000000000000008c
Event: 6.611 Thread 0x000001f9561e2dd0 Uncommon trap: reason=unstable_if action=reinterpret pc=0x000001f94342932c method=jdk.internal.misc.Unsafe.convEndian(ZJ)J @ 4 c2
Event: 6.611 Thread 0x000001f9561e2dd0 DEOPT PACKING pc=0x000001f94342932c sp=0x00000046126f25d0
Event: 6.611 Thread 0x000001f9561e2dd0 DEOPT UNPACKING pc=0x000001f942d146a2 sp=0x00000046126f24f8 mode 2

Classes loaded (20 events):
Event: 6.695 Loading class com/sun/beans/introspect/EventSetInfo
Event: 6.695 Loading class com/sun/beans/introspect/EventSetInfo done
Event: 6.696 Loading class com/sun/beans/introspect/PropertyInfo
Event: 6.697 Loading class com/sun/beans/introspect/PropertyInfo done
Event: 6.697 Loading class com/sun/beans/WildcardTypeImpl
Event: 6.697 Loading class com/sun/beans/WildcardTypeImpl done
Event: 6.698 Loading class java/beans/BeanProperty
Event: 6.698 Loading class java/beans/BeanProperty done
Event: 6.698 Loading class com/sun/beans/introspect/PropertyInfo$Name
Event: 6.698 Loading class com/sun/beans/introspect/PropertyInfo$Name done
Event: 6.699 Loading class java/beans/IndexedPropertyDescriptor
Event: 6.699 Loading class java/beans/IndexedPropertyDescriptor done
Event: 6.699 Loading class java/beans/GenericBeanInfo
Event: 6.699 Loading class java/beans/SimpleBeanInfo
Event: 6.699 Loading class java/beans/SimpleBeanInfo done
Event: 6.699 Loading class java/beans/GenericBeanInfo done
Event: 6.701 Loading class java/util/Hashtable$EntrySet
Event: 6.701 Loading class java/util/Hashtable$EntrySet done
Event: 6.715 Loading class java/util/ServiceConfigurationError
Event: 6.715 Loading class java/util/ServiceConfigurationError done

Classes unloaded (0 events):
No events

Classes redefined (0 events):
No events

Internal exceptions (20 events):
Event: 6.100 Thread 0x000001f9561e2dd0 Exception <a 'java/lang/IncompatibleClassChangeError'{0x0000000084d58e50}: Found class java.lang.Object, but interface was expected> (0x0000000084d58e50) 
thrown [s\src\hotspot\share\interpreter\linkResolver.cpp, line 851]
Event: 6.139 Thread 0x000001f9561e2dd0 Exception <a 'java/lang/NoSuchMethodError'{0x0000000084cc07e0}: 'java.lang.Object java.lang.invoke.DirectMethodHandle$Holder.invokeVirtual(java.lang.Object, java.lang.Object, int)'> (0x0000000084cc07e0) 
thrown [s\src\hotspot\share\interpreter\linkResolver.cpp, line 784]
Event: 6.143 Thread 0x000001f9561e2dd0 Exception <a 'java/lang/NoSuchMethodError'{0x0000000084cec150}: 'void java.lang.invoke.DirectMethodHandle$Holder.invokeStatic(java.lang.Object, java.lang.Object, java.lang.Object, int)'> (0x0000000084cec150) 
thrown [s\src\hotspot\share\interpreter\linkResolver.cpp, line 784]
Event: 6.210 Thread 0x000001f9561e2dd0 Exception <a 'java/lang/NoSuchMethodError'{0x0000000084968570}: 'void java.lang.invoke.DirectMethodHandle$Holder.invokeInterface(java.lang.Object, java.lang.Object, java.lang.Object, java.lang.Object, java.lang.Object, java.lang.Object, java.lang.Object)'> (0x0000000084968570) 
thrown [s\src\hotspot\share\interpreter\linkResolver.cpp, line 784]
Event: 6.210 Thread 0x000001f9561e2dd0 Exception <a 'java/lang/NoSuchMethodError'{0x000000008496d138}: 'void java.lang.invoke.DelegatingMethodHandle$Holder.reinvoke_L(java.lang.Object, java.lang.Object, java.lang.Object, java.lang.Object, java.lang.Object, java.lang.Object, java.lang.Object)'> (0x000000008496d138) 
thrown [s\src\hotspot\share\interpreter\linkResolver.cpp, line 784]
Event: 6.270 Thread 0x000001f9561e2dd0 Exception <a 'java/lang/NoSuchMethodError'{0x0000000084714d60}: 'java.lang.Object java.lang.invoke.DirectMethodHandle$Holder.invokeSpecial(java.lang.Object, java.lang.Object, java.lang.Object, int, java.lang.Object, java.lang.Object)'> (0x0000000084714d60) 
thrown [s\src\hotspot\share\interpreter\linkResolver.cpp, line 784]
Event: 6.407 Thread 0x000001f9561e2dd0 Implicit null exception at 0x000001f943379234 to 0x000001f943379768
Event: 6.407 Thread 0x000001f9561e2dd0 Implicit null exception at 0x000001f94340f498 to 0x000001f94340f814
Event: 6.407 Thread 0x000001f9561e2dd0 Implicit null exception at 0x000001f9432ae3ac to 0x000001f9432aec68
Event: 6.407 Thread 0x000001f9561e2dd0 Exception <a 'java/lang/NoSuchMethodError'{0x000000008422b5c0}: 'java.lang.reflect.Method[] java.lang.Class.getDeclaredMethods(java.lang.Class)'> (0x000000008422b5c0) 
thrown [s\src\hotspot\share\interpreter\linkResolver.cpp, line 784]
Event: 6.447 Thread 0x000001f9561e2dd0 Exception <a 'java/lang/NoSuchMethodError'{0x00000000841bed48}: 'void java.lang.invoke.DirectMethodHandle$Holder.invokeStaticInit(java.lang.Object, java.lang.Object, java.lang.Object)'> (0x00000000841bed48) 
thrown [s\src\hotspot\share\interpreter\linkResolver.cpp, line 784]
Event: 6.451 Thread 0x000001f9561e2dd0 Exception <a 'java/lang/NoSuchMethodError'{0x00000000841e30e0}: 'void java.lang.invoke.DirectMethodHandle$Holder.invokeStaticInit(java.lang.Object, java.lang.Object, java.lang.Object, java.lang.Object, java.lang.Object)'> (0x00000000841e30e0) 
thrown [s\src\hotspot\share\interpreter\linkResolver.cpp, line 784]
Event: 6.458 Thread 0x000001f9561e2dd0 Exception <a 'java/lang/NoSuchMethodError'{0x000000008403bbd0}: 'int java.lang.invoke.DirectMethodHandle$Holder.invokeStaticInit(java.lang.Object, java.lang.Object, java.lang.Object, java.lang.Object)'> (0x000000008403bbd0) 
thrown [s\src\hotspot\share\interpreter\linkResolver.cpp, line 784]
Event: 6.688 Thread 0x000001f9561e2dd0 Exception <a 'java/lang/ClassNotFoundException'{0x00000000860038b0}: groovy/lang/ExpandoMetaClassBeanInfo> (0x00000000860038b0) 
thrown [s\src\hotspot\share\classfile\systemDictionary.cpp, line 312]
Event: 6.689 Thread 0x000001f9561e2dd0 Exception <a 'java/lang/ClassNotFoundException'{0x000000008600cbd8}: groovy/lang/MetaClassImplBeanInfo> (0x000000008600cbd8) 
thrown [s\src\hotspot\share\classfile\systemDictionary.cpp, line 312]
Event: 6.689 Thread 0x000001f9561e2dd0 Exception <a 'java/lang/ClassNotFoundException'{0x0000000086011ef0}: java/lang/ObjectBeanInfo> (0x0000000086011ef0) 
thrown [s\src\hotspot\share\classfile\systemDictionary.cpp, line 312]
Event: 6.690 Thread 0x000001f9561e2dd0 Exception <a 'java/lang/ClassNotFoundException'{0x0000000086018258}: java/lang/ObjectCustomizer> (0x0000000086018258) 
thrown [s\src\hotspot\share\classfile\systemDictionary.cpp, line 312]
Event: 6.694 Thread 0x000001f9561e2dd0 Exception <a 'java/lang/IncompatibleClassChangeError'{0x0000000086026918}: Found class java.lang.Object, but interface was expected> (0x0000000086026918) 
thrown [s\src\hotspot\share\interpreter\linkResolver.cpp, line 851]
Event: 6.700 Thread 0x000001f9561e2dd0 Exception <a 'java/lang/ClassNotFoundException'{0x0000000086041828}: groovy/lang/MetaClassImplCustomizer> (0x0000000086041828) 
thrown [s\src\hotspot\share\classfile\systemDictionary.cpp, line 312]
Event: 6.703 Thread 0x000001f9561e2dd0 Exception <a 'java/lang/ClassNotFoundException'{0x000000008606a750}: groovy/lang/ExpandoMetaClassCustomizer> (0x000000008606a750) 
thrown [s\src\hotspot\share\classfile\systemDictionary.cpp, line 312]

ZGC Phase Switch (0 events):
No events

VM Operations (20 events):
Event: 5.843 Executing VM operation: HandshakeAllThreads (Deoptimize)
Event: 5.843 Executing VM operation: HandshakeAllThreads (Deoptimize) done
Event: 6.103 Executing VM operation: HandshakeAllThreads (Deoptimize)
Event: 6.103 Executing VM operation: HandshakeAllThreads (Deoptimize) done
Event: 6.216 Executing VM operation: HandshakeAllThreads (Deoptimize)
Event: 6.216 Executing VM operation: HandshakeAllThreads (Deoptimize) done
Event: 6.217 Executing VM operation: HandshakeAllThreads (Deoptimize)
Event: 6.218 Executing VM operation: HandshakeAllThreads (Deoptimize) done
Event: 6.396 Executing VM operation: HandshakeAllThreads (Deoptimize)
Event: 6.396 Executing VM operation: HandshakeAllThreads (Deoptimize) done
Event: 6.410 Executing VM operation: ICBufferFull
Event: 6.411 Executing VM operation: ICBufferFull done
Event: 6.547 Executing VM operation: HandshakeAllThreads (Deoptimize)
Event: 6.547 Executing VM operation: HandshakeAllThreads (Deoptimize) done
Event: 6.594 Executing VM operation: G1CollectForAllocation (G1 Evacuation Pause)
Event: 6.601 Executing VM operation: G1CollectForAllocation (G1 Evacuation Pause) done
Event: 6.612 Executing VM operation: HandshakeAllThreads (Deoptimize)
Event: 6.612 Executing VM operation: HandshakeAllThreads (Deoptimize) done
Event: 6.646 Executing VM operation: HandshakeAllThreads (Deoptimize)
Event: 6.646 Executing VM operation: HandshakeAllThreads (Deoptimize) done

Memory protections (0 events):
No events

Nmethod flushes (20 events):
Event: 5.018 Thread 0x000001f94fd39240 flushing  nmethod 0x000001f93b852e90
Event: 5.018 Thread 0x000001f94fd39240 flushing  nmethod 0x000001f93b855390
Event: 5.018 Thread 0x000001f94fd39240 flushing  nmethod 0x000001f93b858890
Event: 5.018 Thread 0x000001f94fd39240 flushing  nmethod 0x000001f93b888090
Event: 5.018 Thread 0x000001f94fd39240 flushing  nmethod 0x000001f93b888590
Event: 5.018 Thread 0x000001f94fd39240 flushing  nmethod 0x000001f93b8c6090
Event: 5.018 Thread 0x000001f94fd39240 flushing  nmethod 0x000001f93b8c6710
Event: 5.018 Thread 0x000001f94fd39240 flushing  nmethod 0x000001f93b8c8290
Event: 5.018 Thread 0x000001f94fd39240 flushing  nmethod 0x000001f93b8ca710
Event: 5.018 Thread 0x000001f94fd39240 flushing  nmethod 0x000001f93b8cc190
Event: 5.018 Thread 0x000001f94fd39240 flushing  nmethod 0x000001f93b985990
Event: 5.018 Thread 0x000001f94fd39240 flushing  nmethod 0x000001f93b98b610
Event: 5.018 Thread 0x000001f94fd39240 flushing  nmethod 0x000001f93b98e390
Event: 5.018 Thread 0x000001f94fd39240 flushing  nmethod 0x000001f93b98ef10
Event: 5.018 Thread 0x000001f94fd39240 flushing  nmethod 0x000001f93ba4f990
Event: 5.018 Thread 0x000001f94fd39240 flushing  nmethod 0x000001f93ba5af90
Event: 5.018 Thread 0x000001f94fd39240 flushing  nmethod 0x000001f93bb52090
Event: 5.018 Thread 0x000001f94fd39240 flushing  nmethod 0x000001f93bb53410
Event: 5.018 Thread 0x000001f94fd39240 flushing  nmethod 0x000001f93bbd7090
Event: 5.018 Thread 0x000001f94fd39240 flushing  nmethod 0x000001f93bbd7510

Events (20 events):
Event: 2.886 Thread 0x000001f9561e2dd0 Thread added: 0x000001f9561e2740
Event: 3.357 Thread 0x000001f9561e2dd0 Thread added: 0x000001f9561e1390
Event: 3.367 Thread 0x000001f9561e2dd0 Thread added: 0x000001f9561e4810
Event: 3.395 Thread 0x000001f9561e2dd0 Thread added: 0x000001f9561e5bc0
Event: 4.497 Thread 0x000001f9561e2dd0 Thread added: 0x000001f9561e0d00
Event: 4.511 Thread 0x000001f9561e2dd0 Thread added: 0x000001f9561e3af0
Event: 4.749 Thread 0x000001f9561e2dd0 Thread added: 0x000001f9561e1a20
Event: 4.758 Thread 0x000001f9561e2dd0 Thread added: 0x000001f9561e4180
Event: 4.875 Thread 0x000001f9561e2dd0 Thread added: 0x000001f9561e6250
Event: 4.875 Thread 0x000001f9561e2dd0 Thread added: 0x000001f9561e20b0
Event: 4.876 Thread 0x000001f9561e2dd0 Thread added: 0x000001f957e3ba00
Event: 4.876 Thread 0x000001f9561e2dd0 Thread added: 0x000001f957e392a0
Event: 4.876 Thread 0x000001f9561e2dd0 Thread added: 0x000001f957e3c090
Event: 4.876 Thread 0x000001f9561e2dd0 Thread added: 0x000001f957e38c10
Event: 4.876 Thread 0x000001f9561e2dd0 Thread added: 0x000001f957e39930
Event: 4.876 Thread 0x000001f9561e2dd0 Thread added: 0x000001f957e3ace0
Event: 5.572 Thread 0x000001f9561e2dd0 Thread added: 0x000001f957e39fc0
Event: 5.610 Thread 0x000001f9561e2dd0 Thread added: 0x000001f957e3a650
Event: 5.783 Thread 0x000001f9561e2dd0 Thread added: 0x000001f957e3b370
Event: 5.924 Thread 0x000001f9561e2dd0 Thread added: 0x000001f9555c7d00


Dynamic libraries:
0x00007ff73ba10000 - 0x00007ff73ba1a000 	C:\Program Files\Android\Android Studio\jbr\bin\java.exe
0x00007ffc8c0f0000 - 0x00007ffc8c307000 	C:\WINDOWS\SYSTEM32\ntdll.dll
0x00007ffc8ac70000 - 0x00007ffc8ad34000 	C:\WINDOWS\System32\KERNEL32.DLL
0x00007ffc895a0000 - 0x00007ffc89971000 	C:\WINDOWS\System32\KERNELBASE.dll
0x00007ffc89ca0000 - 0x00007ffc89db1000 	C:\WINDOWS\System32\ucrtbase.dll
0x00007ffc7dd60000 - 0x00007ffc7dd78000 	C:\Program Files\Android\Android Studio\jbr\bin\jli.dll
0x00007ffc817e0000 - 0x00007ffc817fb000 	C:\Program Files\Android\Android Studio\jbr\bin\VCRUNTIME140.dll
0x00007ffc8a820000 - 0x00007ffc8a9d1000 	C:\WINDOWS\System32\USER32.dll
0x00007ffc7c080000 - 0x00007ffc7c312000 	C:\WINDOWS\WinSxS\amd64_microsoft.windows.common-controls_6595b64144ccf1df_6.0.22621.4830_none_270fe7d773858e80\COMCTL32.dll
0x00007ffc8bfc0000 - 0x00007ffc8c067000 	C:\WINDOWS\System32\msvcrt.dll
0x00007ffc89400000 - 0x00007ffc89426000 	C:\WINDOWS\System32\win32u.dll
0x00007ffc8a6e0000 - 0x00007ffc8a709000 	C:\WINDOWS\System32\GDI32.dll
0x00007ffc89a40000 - 0x00007ffc89b5b000 	C:\WINDOWS\System32\gdi32full.dll
0x00007ffc89330000 - 0x00007ffc893ca000 	C:\WINDOWS\System32\msvcp_win.dll
0x00007ffc8c070000 - 0x00007ffc8c0a1000 	C:\WINDOWS\System32\IMM32.DLL
0x00007ffc81cf0000 - 0x00007ffc81cfc000 	C:\Program Files\Android\Android Studio\jbr\bin\vcruntime140_1.dll
0x00007ffc6af70000 - 0x00007ffc6affd000 	C:\Program Files\Android\Android Studio\jbr\bin\msvcp140.dll
0x00007ffc13670000 - 0x00007ffc142f3000 	C:\Program Files\Android\Android Studio\jbr\bin\server\jvm.dll
0x00007ffc8a9e0000 - 0x00007ffc8aa91000 	C:\WINDOWS\System32\ADVAPI32.dll
0x00007ffc8a630000 - 0x00007ffc8a6d7000 	C:\WINDOWS\System32\sechost.dll
0x00007ffc893d0000 - 0x00007ffc893f8000 	C:\WINDOWS\System32\bcrypt.dll
0x00007ffc8a060000 - 0x00007ffc8a174000 	C:\WINDOWS\System32\RPCRT4.dll
0x00007ffc89e10000 - 0x00007ffc89e81000 	C:\WINDOWS\System32\WS2_32.dll
0x00007ffc88f50000 - 0x00007ffc88f9d000 	C:\WINDOWS\SYSTEM32\POWRPROF.dll
0x00007ffc81b90000 - 0x00007ffc81bc4000 	C:\WINDOWS\SYSTEM32\WINMM.dll
0x00007ffc7ff10000 - 0x00007ffc7ff1a000 	C:\WINDOWS\SYSTEM32\VERSION.dll
0x00007ffc88f30000 - 0x00007ffc88f43000 	C:\WINDOWS\SYSTEM32\UMPDC.dll
0x00007ffc88280000 - 0x00007ffc88298000 	C:\WINDOWS\SYSTEM32\kernel.appcore.dll
0x00007ffc7ff60000 - 0x00007ffc7ff6a000 	C:\Program Files\Android\Android Studio\jbr\bin\jimage.dll
0x00007ffc86560000 - 0x00007ffc86792000 	C:\WINDOWS\SYSTEM32\DBGHELP.DLL
0x00007ffc8a290000 - 0x00007ffc8a620000 	C:\WINDOWS\System32\combase.dll
0x00007ffc8be10000 - 0x00007ffc8bee7000 	C:\WINDOWS\System32\OLEAUT32.dll
0x00007ffc81110000 - 0x00007ffc81142000 	C:\WINDOWS\SYSTEM32\dbgcore.DLL
0x00007ffc89230000 - 0x00007ffc892ab000 	C:\WINDOWS\System32\bcryptPrimitives.dll
0x00007ffc81710000 - 0x00007ffc8171e000 	C:\Program Files\Android\Android Studio\jbr\bin\instrument.dll
0x00007ffc7dce0000 - 0x00007ffc7dd00000 	C:\Program Files\Android\Android Studio\jbr\bin\java.dll
0x00007ffc7d5e0000 - 0x00007ffc7d5f8000 	C:\Program Files\Android\Android Studio\jbr\bin\zip.dll
0x00007ffc8b0e0000 - 0x00007ffc8b968000 	C:\WINDOWS\System32\SHELL32.dll
0x00007ffc89b60000 - 0x00007ffc89c9f000 	C:\WINDOWS\System32\wintypes.dll
0x00007ffc87190000 - 0x00007ffc87a9d000 	C:\WINDOWS\SYSTEM32\windows.storage.dll
0x00007ffc8a180000 - 0x00007ffc8a28a000 	C:\WINDOWS\System32\SHCORE.dll
0x00007ffc8b010000 - 0x00007ffc8b06e000 	C:\WINDOWS\System32\shlwapi.dll
0x00007ffc89160000 - 0x00007ffc8918b000 	C:\WINDOWS\SYSTEM32\profapi.dll
0x00007ffc7dcd0000 - 0x00007ffc7dce0000 	C:\Program Files\Android\Android Studio\jbr\bin\net.dll
0x00007ffc83850000 - 0x00007ffc8397c000 	C:\WINDOWS\SYSTEM32\WINHTTP.dll
0x00007ffc886f0000 - 0x00007ffc8875a000 	C:\WINDOWS\system32\mswsock.dll
0x00007ffc7d000000 - 0x00007ffc7d016000 	C:\Program Files\Android\Android Studio\jbr\bin\nio.dll
0x00007ffc7d530000 - 0x00007ffc7d540000 	C:\Program Files\Android\Android Studio\jbr\bin\verify.dll
0x00007ffc6e340000 - 0x00007ffc6e367000 	C:\Users\andre\.gradle\native\c067742578af261105cb4f569cf0c3c89f3d7b1fecec35dd04571415982c5e48\windows-amd64\native-platform.dll
0x00007ffc57430000 - 0x00007ffc57574000 	C:\Users\andre\.gradle\native\100fb08df4bc3b14c8652ba06237920a3bd2aa13389f12d3474272988ae205f9\windows-amd64\native-platform-file-events.dll
0x00007ffc7d470000 - 0x00007ffc7d479000 	C:\Program Files\Android\Android Studio\jbr\bin\management.dll
0x00007ffc7d070000 - 0x00007ffc7d07b000 	C:\Program Files\Android\Android Studio\jbr\bin\management_ext.dll
0x00007ffc8b070000 - 0x00007ffc8b078000 	C:\WINDOWS\System32\PSAPI.DLL
0x00007ffc88940000 - 0x00007ffc8895b000 	C:\WINDOWS\SYSTEM32\CRYPTSP.dll
0x00007ffc881e0000 - 0x00007ffc88217000 	C:\WINDOWS\system32\rsaenh.dll
0x00007ffc887e0000 - 0x00007ffc88808000 	C:\WINDOWS\SYSTEM32\USERENV.dll
0x00007ffc88960000 - 0x00007ffc8896c000 	C:\WINDOWS\SYSTEM32\CRYPTBASE.dll
0x00007ffc87d40000 - 0x00007ffc87d6d000 	C:\WINDOWS\SYSTEM32\IPHLPAPI.DLL
0x00007ffc89e90000 - 0x00007ffc89e99000 	C:\WINDOWS\System32\NSI.dll
0x00007ffc7d5c0000 - 0x00007ffc7d5c9000 	C:\Program Files\Android\Android Studio\jbr\bin\extnet.dll
0x00007ffc3e980000 - 0x00007ffc3e988000 	C:\WINDOWS\system32\wshunix.dll

dbghelp: loaded successfully - version: 4.0.5 - missing functions: none
symbol engine: initialized successfully - sym options: 0x614 - pdb path: .;C:\Program Files\Android\Android Studio\jbr\bin;C:\WINDOWS\SYSTEM32;C:\WINDOWS\WinSxS\amd64_microsoft.windows.common-controls_6595b64144ccf1df_6.0.22621.4830_none_270fe7d773858e80;C:\Program Files\Android\Android Studio\jbr\bin\server;C:\Users\andre\.gradle\native\c067742578af261105cb4f569cf0c3c89f3d7b1fecec35dd04571415982c5e48\windows-amd64;C:\Users\andre\.gradle\native\100fb08df4bc3b14c8652ba06237920a3bd2aa13389f12d3474272988ae205f9\windows-amd64

VM Arguments:
jvm_args: --add-opens=java.base/java.util=ALL-UNNAMED --add-opens=java.base/java.lang=ALL-UNNAMED --add-opens=java.base/java.lang.invoke=ALL-UNNAMED --add-opens=java.prefs/java.util.prefs=ALL-UNNAMED --add-exports=jdk.compiler/com.sun.tools.javac.api=ALL-UNNAMED --add-exports=jdk.compiler/com.sun.tools.javac.util=ALL-UNNAMED --add-opens=java.base/java.nio.charset=ALL-UNNAMED --add-opens=java.base/java.net=ALL-UNNAMED --add-opens=java.base/java.util.concurrent.atomic=ALL-UNNAMED -Xmx2048m -Dfile.encoding=UTF-8 -Duser.country=CO -Duser.language=es -Duser.variant -javaagent:C:\Users\andre\.gradle\wrapper\dists\gradle-8.10.2-bin\a04bxjujx95o3nb99gddekhwo\gradle-8.10.2\lib\agents\gradle-instrumentation-agent-8.10.2.jar 
java_command: org.gradle.launcher.daemon.bootstrap.GradleDaemon 8.10.2
java_class_path (initial): C:\Users\andre\.gradle\wrapper\dists\gradle-8.10.2-bin\a04bxjujx95o3nb99gddekhwo\gradle-8.10.2\lib\gradle-daemon-main-8.10.2.jar
Launcher Type: SUN_STANDARD

[Global flags]
     intx CICompilerCount                          = 4                                         {product} {ergonomic}
     uint ConcGCThreads                            = 2                                         {product} {ergonomic}
     uint G1ConcRefinementThreads                  = 8                                         {product} {ergonomic}
   size_t G1HeapRegionSize                         = 1048576                                   {product} {ergonomic}
    uintx GCDrainStackTargetSize                   = 64                                        {product} {ergonomic}
   size_t InitialHeapSize                          = 100663296                                 {product} {ergonomic}
   size_t MarkStackSize                            = 4194304                                   {product} {ergonomic}
   size_t MaxHeapSize                              = 2147483648                                {product} {command line}
   size_t MaxNewSize                               = 1287651328                                {product} {ergonomic}
   size_t MinHeapDeltaBytes                        = 1048576                                   {product} {ergonomic}
   size_t MinHeapSize                              = 8388608                                   {product} {ergonomic}
    uintx NonNMethodCodeHeapSize                   = 5839372                                {pd product} {ergonomic}
    uintx NonProfiledCodeHeapSize                  = 122909434                              {pd product} {ergonomic}
    uintx ProfiledCodeHeapSize                     = 122909434                              {pd product} {ergonomic}
    uintx ReservedCodeCacheSize                    = 251658240                              {pd product} {ergonomic}
     bool SegmentedCodeCache                       = true                                      {product} {ergonomic}
   size_t SoftMaxHeapSize                          = 2147483648                             {manageable} {ergonomic}
     bool UseCompressedOops                        = true                           {product lp64_product} {ergonomic}
     bool UseG1GC                                  = true                                      {product} {ergonomic}
     bool UseLargePagesIndividualAllocation        = false                                  {pd product} {ergonomic}

Logging:
Log output configuration:
 #0: stdout all=warning uptime,level,tags foldmultilines=false
 #1: stderr all=off uptime,level,tags foldmultilines=false

Environment Variables:
PATH=C:\Program Files\Common Files\Oracle\Java\javapath;C:\Program Files (x86)\Common Files\Oracle\Java\javapath;C:\WINDOWS\system32;C:\WINDOWS;C:\WINDOWS\System32\Wbem;C:\WINDOWS\System32\WindowsPowerShell\v1.0\;C:\WINDOWS\System32\OpenSSH\;C:\Program Files (x86)\dotnet\;C:\Program Files\Intel\WiFi\bin\;C:\Program Files\Common Files\Intel\WirelessCommon\;C:\Program Files\dotnet\;C:\Program Files\Git\cmd;C:\Program Files\;C:\xampp\php;C:\ProgramData\ComposerSetup\bin;C:\Program Files (x86)\PICC;C:\Users\andre\OneDrive\Escritorio\PIPE\UNIVERSIDAD\1ER SEMESTRE\INTRO PROGRAMACION\Pythn\Scripts\;C:\Users\andre\OneDrive\Escritorio\PIPE\UNIVERSIDAD\1ER SEMESTRE\INTRO PROGRAMACION\Pythn\;C:\Users\andre\AppData\Local\Microsoft\WindowsApps;C:\Users\andre\AppData\Local\Microsoft\WindowsApps;C:\Users\andre\AppData\Local\JetBrains\IntelliJ IDEA 2023.2\bin;C:\Program Files\JetBrains\IntelliJ IDEA Community Edition 2023.2\bin;C:\Users\andre\AppData\Local\GitHubDesktop\bin;C:\ProgramData\andre\GitHubDesktop\bin;C:\Users\andre\AppData\Local\Programs\Microsoft VS Code\bin;C:\Users\andre\AppData\Roaming\npm;C:\Users\andre\AppData\Roaming\Composer\vendor\bin
USERNAME=andre
OS=Windows_NT
PROCESSOR_IDENTIFIER=AMD64 Family 23 Model 24 Stepping 1, AuthenticAMD
TMP=C:\Users\andre\AppData\Local\Temp
TEMP=C:\Users\andre\AppData\Local\Temp




Periodic native trim disabled

JNI global refs:
JNI global refs: 26, weak refs: 3

JNI global refs memory usage: 835, weak refs: 833

Process memory usage:
Resident Set Size: 274840K (4% of 6237788K total physical memory with 325364K free physical memory)

OOME stack traces (most recent first):
Classloader memory used:
Loader org.gradle.internal.classloader.VisitableURLClassLoader                         : 21619K
Loader bootstrap                                                                       : 21027K
Loader org.gradle.initialization.MixInLegacyTypesClassLoader                           : 4438K
Loader org.gradle.internal.classloader.VisitableURLClassLoader                         : 714K
Loader jdk.internal.loader.ClassLoaders$PlatformClassLoader                            : 500K
Loader jdk.internal.loader.ClassLoaders$AppClassLoader                                 : 234K
Loader jdk.internal.reflect.DelegatingClassLoader                                      : 150K
Loader org.gradle.groovy.scripts.internal.DefaultScriptCompilationHandler$ScriptClassLoader: 6584B

Classes loaded by more than one classloader:
Class org.gradle.api.GradleException                                                  : loaded 3 times (x 78B)
Class org.gradle.internal.classloader.ClassLoaderHierarchy                            : loaded 2 times (x 66B)
Class org.gradle.api.internal.classpath.ManifestUtil                                  : loaded 2 times (x 67B)
Class org.gradle.internal.operations.MultipleBuildOperationFailures                   : loaded 2 times (x 91B)
Class org.gradle.internal.classloader.DefaultClassLoaderFactory                       : loaded 2 times (x 78B)
Class org.gradle.internal.classloader.ClassLoaderVisitor                              : loaded 2 times (x 72B)
Class org.gradle.api.internal.classpath.EffectiveClassPath                            : loaded 2 times (x 86B)
Class org.gradle.api.internal.DefaultClassPathProvider                                : loaded 2 times (x 72B)
Class [Lorg.gradle.api.internal.ClassPathProvider;                                    : loaded 2 times (x 65B)
Class org.gradle.api.internal.ClassPathProvider                                       : loaded 2 times (x 66B)
Class org.gradle.internal.service.UnknownServiceException                             : loaded 2 times (x 79B)
Class org.gradle.internal.classpath.TransformedClassPath                              : loaded 2 times (x 92B)
Class org.gradle.internal.classloader.InstrumentingClassLoader                        : loaded 2 times (x 66B)
Class org.gradle.internal.service.ServiceLocator                                      : loaded 2 times (x 66B)
Class org.gradle.internal.InternalTransformer                                         : loaded 2 times (x 66B)
Class org.gradle.internal.time.DefaultTimer                                           : loaded 2 times (x 76B)
Class org.gradle.internal.classloader.ClasspathUtil$1                                 : loaded 2 times (x 72B)
Class org.gradle.api.internal.classpath.DefaultModuleRegistry$DefaultModule           : loaded 2 times (x 82B)
Class org.gradle.internal.time.DefaultCountdownTimer                                  : loaded 2 times (x 84B)
Class kotlin.Function                                                                 : loaded 2 times (x 66B)
Class org.gradle.api.internal.classpath.Module                                        : loaded 2 times (x 66B)
Class org.gradle.api.internal.classpath.UnknownModuleException                        : loaded 2 times (x 78B)
Class org.gradle.api.internal.DefaultClassPathRegistry                                : loaded 2 times (x 72B)
Class org.gradle.api.internal.ClassPathRegistry                                       : loaded 2 times (x 66B)
Class org.gradle.internal.classpath.DefaultClassPath$ImmutableUniqueList              : loaded 2 times (x 195B)
Class org.gradle.internal.classpath.ClassPath                                         : loaded 2 times (x 66B)
Class org.gradle.api.UncheckedIOException                                             : loaded 2 times (x 78B)
Class kotlin.UninitializedPropertyAccessException                                     : loaded 2 times (x 78B)
Class org.gradle.internal.installation.GradleInstallation$1                           : loaded 2 times (x 71B)
Class org.gradle.api.internal.classpath.ModuleRegistry                                : loaded 2 times (x 66B)
Class org.gradle.api.internal.classpath.DefaultModuleRegistry                         : loaded 2 times (x 82B)
Class org.gradle.internal.time.MonotonicClock                                         : loaded 2 times (x 73B)
Class org.gradle.internal.service.ServiceLookupException                              : loaded 2 times (x 78B)
Class org.gradle.internal.classloader.ClassLoaderFactory                              : loaded 2 times (x 66B)
Class org.gradle.internal.service.CachingServiceLocator                               : loaded 2 times (x 78B)
Class org.gradle.internal.time.TimeSource                                             : loaded 2 times (x 66B)
Class org.gradle.internal.exceptions.ResolutionProvider                               : loaded 2 times (x 66B)
Class org.gradle.internal.classloader.ClasspathUtil                                   : loaded 2 times (x 67B)
Class org.gradle.internal.time.TimeSource$1                                           : loaded 2 times (x 73B)
Class org.gradle.api.specs.Spec                                                       : loaded 2 times (x 66B)
Class org.gradle.internal.time.Clock                                                  : loaded 2 times (x 66B)
Class org.gradle.internal.classloader.VisitableURLClassLoader$InstrumentingVisitableURLClassLoader: loaded 2 times (x 119B)
Class org.gradle.internal.classloader.VisitableURLClassLoader$Spec                    : loaded 2 times (x 70B)
Class org.gradle.internal.classpath.DefaultClassPath                                  : loaded 2 times (x 86B)
Class org.gradle.internal.classloader.ClassLoaderSpec                                 : loaded 2 times (x 67B)
Class org.gradle.internal.classloader.VisitableURLClassLoader                         : loaded 2 times (x 113B)
Class org.gradle.internal.Cast                                                        : loaded 2 times (x 67B)
Class org.gradle.api.Action                                                           : loaded 2 times (x 66B)
Class org.gradle.internal.classpath.DefaultClassPath$ImmutableUniqueList$Builder      : loaded 2 times (x 71B)
Class org.gradle.internal.classloader.FilteringClassLoader                            : loaded 2 times (x 101B)
Class org.gradle.internal.exceptions.NonGradleCauseExceptionsHolder                   : loaded 2 times (x 66B)
Class org.gradle.internal.IoActions                                                   : loaded 2 times (x 67B)
Class org.gradle.internal.classloader.SystemClassLoaderSpec                           : loaded 2 times (x 67B)
Class org.gradle.internal.exceptions.MultiCauseException                              : loaded 2 times (x 66B)
Class org.gradle.internal.time.CountdownTimer                                         : loaded 2 times (x 66B)
Class kotlin.jvm.internal.Intrinsics                                                  : loaded 2 times (x 67B)
Class org.gradle.tooling.model.ProjectModel                                           : loaded 2 times (x 66B)
Class kotlin.KotlinNullPointerException                                               : loaded 2 times (x 79B)
Class org.gradle.internal.exceptions.DefaultMultiCauseException                       : loaded 2 times (x 91B)
Class org.gradle.internal.time.Time                                                   : loaded 2 times (x 67B)
Class org.gradle.api.internal.classpath.GlobalCacheRootsProvider                      : loaded 2 times (x 66B)
Class org.gradle.internal.time.Timer                                                  : loaded 2 times (x 66B)
Class org.gradle.internal.installation.CurrentGradleInstallationLocator               : loaded 2 times (x 67B)
Class org.gradle.internal.service.DefaultServiceLocator                               : loaded 2 times (x 79B)
Class org.gradle.util.GradleVersion                                                   : loaded 2 times (x 79B)
Class org.gradle.internal.installation.CurrentGradleInstallation                      : loaded 2 times (x 69B)
Class org.gradle.util.internal.GUtil                                                  : loaded 2 times (x 67B)
Class org.gradle.internal.installation.GradleInstallation                             : loaded 2 times (x 71B)

---------------  S Y S T E M  ---------------

OS:
 Windows 11 , 64 bit Build 22621 (10.0.22621.4974)
OS uptime: 25 days 14:38 hours

CPU: total 8 (initial active 8) (8 cores per cpu, 2 threads per core) family 23 model 24 stepping 1 microcode 0x0, cx8, cmov, fxsr, ht, mmx, 3dnowpref, sse, sse2, sse3, ssse3, sse4a, sse4.1, sse4.2, popcnt, lzcnt, tsc, tscinvbit, avx, avx2, aes, clmul, bmi1, bmi2, adx, sha, fma, vzeroupper, clflush, clflushopt, rdtscp, f16c
Processor Information for all 8 processors :
  Max Mhz: 2100, Current Mhz: 2100, Mhz Limit: 2100

Memory: 4k page, system-wide physical 6091M (317M free)
TotalPageFile size 24523M (AvailPageFile size 4M)
current process WorkingSet (physical memory assigned to process): 268M, peak: 268M
current process commit charge ("private bytes"): 307M, peak: 309M

vm_info: OpenJDK 64-Bit Server VM (21.0.4+-12508038-b607.1) for windows-amd64 JRE (21.0.4+-12508038-b607.1), built on 2024-10-16T17:23:34Z by "builder" with MS VC++ 16.10 / 16.11 (VS2019)

END.
